#
# There is insufficient memory for the Java Runtime Environment to continue.
# Native memory allocation (malloc) failed to allocate 1234096 bytes for Chunk::new
# Possible reasons:
#   The system is out of physical RAM or swap space
#   The process is running with CompressedOops enabled, and the Java Heap may be blocking the growth of the native heap
# Possible solutions:
#   Reduce memory load on the system
#   Increase physical memory or swap space
#   Check if swap backing store is full
#   Decrease Java heap size (-Xmx/-Xms)
#   Decrease number of Java threads
#   Decrease Java thread stack sizes (-Xss)
#   Set larger code cache with -XX:ReservedCodeCacheSize=
#   JVM is running with Zero Based Compressed Oops mode in which the Java heap is
#     placed in the first 32GB address space. The Java Heap base address is the
#     maximum limit for the native heap growth. Please use -XX:HeapBaseMinAddress
#     to set the Java Heap base and to place the Java Heap above 32GB virtual address.
# This output file may be truncated or incomplete.
#
#  Out of Memory Error (arena.cpp:189), pid=5916, tid=17448
#
# JRE version: OpenJDK Runtime Environment (17.0.1+12) (build 17.0.1+12-39)
# Java VM: OpenJDK 64-Bit Server VM (17.0.1+12-39, mixed mode, sharing, tiered, compressed oops, compressed class ptrs, g1 gc, windows-amd64)
# No core dump will be written. Minidumps are not enabled by default on client versions of Windows
#

---------------  S U M M A R Y ------------

Command Line: -javaagent:D:\IntelliJ IDEA Community Edition 2021.3\lib\idea_rt.jar=51866:D:\IntelliJ IDEA Community Edition 2021.3\bin -Dfile.encoding=UTF-8 com.dev.pc.PcApplication

Host: AMD Ryzen 7 2700 Eight-Core Processor          , 16 cores, 15G,  Windows 10 , 64 bit Build 19041 (10.0.19041.2251)
Time: Tue Nov  8 23:30:41 2022 Hora est. Pacífico, Sudamérica elapsed time: 613.753188 seconds (0d 0h 10m 13s)

---------------  T H R E A D  ---------------

Current thread (0x000001e6e206daf0):  JavaThread "C2 CompilerThread1" daemon [_thread_in_native, id=17448, stack(0x0000007e84f00000,0x0000007e85000000)]


Current CompileTask:
C2: 613753 8045       4       org.hibernate.loader.Loader::getRowFromResultSet (202 bytes)

Stack: [0x0000007e84f00000,0x0000007e85000000]
Native frames: (J=compiled Java code, j=interpreted, Vv=VM code, C=native code)
V  [jvm.dll+0x66fa1a]
V  [jvm.dll+0x7ce5a4]
V  [jvm.dll+0x7cfd4e]
V  [jvm.dll+0x7d03b3]
V  [jvm.dll+0x242b05]
V  [jvm.dll+0xaa05b]
V  [jvm.dll+0xaa5ec]
V  [jvm.dll+0x35f9b2]
V  [jvm.dll+0x329f51]
V  [jvm.dll+0x3293fa]
V  [jvm.dll+0x215bf1]
V  [jvm.dll+0x215011]
V  [jvm.dll+0x1a168d]
V  [jvm.dll+0x224848]
V  [jvm.dll+0x2229ac]
V  [jvm.dll+0x78435b]
V  [jvm.dll+0x77e91a]
V  [jvm.dll+0x66e845]
C  [ucrtbase.dll+0x21bb2]
C  [KERNEL32.DLL+0x174b4]
C  [ntdll.dll+0x526a1]


---------------  P R O C E S S  ---------------

Threads class SMR info:
_java_thread_list=0x000001e6e969f280, length=38, elements={
0x000001e6dfb0a230, 0x000001e6dfb0afb0, 0x000001e6dfb1a170, 0x000001e6dfb1de50,
0x000001e6dfb1e710, 0x000001e6dfb1efd0, 0x000001e6dfb23580, 0x000001e6dfb2bf40,
0x000001e6e0528070, 0x000001e6e0613bb0, 0x000001e6e0753b80, 0x000001e6e08ed1d0,
0x000001e6e4fecfa0, 0x000001e6e4fef150, 0x000001e6e4fee7b0, 0x000001e6e4feec80,
0x000001e6e4fec600, 0x000001e6e4febc60, 0x000001e6e4fec130, 0x000001e6e907a1d0,
0x000001e6e907e060, 0x000001e6e907a6a0, 0x000001e6e9081550, 0x000001e6e907b510,
0x000001e6e907ab70, 0x000001e6e907b040, 0x000001e6e907cd20, 0x000001e6e907e530,
0x000001e6e907d6c0, 0x000001e6e9081a20, 0x000001e6e206d5e0, 0x000001e6e206daf0,
0x000001e6e206bc90, 0x000001e6e206a850, 0x000001e6e206b270, 0x000001e6e206ad60,
0x000001e6e206b780, 0x000001e6e206c1a0
}

Java Threads: ( => current thread )
  0x000001e6dfb0a230 JavaThread "Reference Handler" daemon [_thread_blocked, id=1776, stack(0x0000007e84500000,0x0000007e84600000)]
  0x000001e6dfb0afb0 JavaThread "Finalizer" daemon [_thread_blocked, id=18208, stack(0x0000007e84600000,0x0000007e84700000)]
  0x000001e6dfb1a170 JavaThread "Signal Dispatcher" daemon [_thread_blocked, id=5060, stack(0x0000007e84700000,0x0000007e84800000)]
  0x000001e6dfb1de50 JavaThread "Attach Listener" daemon [_thread_blocked, id=2540, stack(0x0000007e84800000,0x0000007e84900000)]
  0x000001e6dfb1e710 JavaThread "Service Thread" daemon [_thread_blocked, id=18280, stack(0x0000007e84900000,0x0000007e84a00000)]
  0x000001e6dfb1efd0 JavaThread "Monitor Deflation Thread" daemon [_thread_blocked, id=13308, stack(0x0000007e84a00000,0x0000007e84b00000)]
  0x000001e6dfb23580 JavaThread "C2 CompilerThread0" daemon [_thread_blocked, id=16780, stack(0x0000007e84b00000,0x0000007e84c00000)]
  0x000001e6dfb2bf40 JavaThread "C1 CompilerThread0" daemon [_thread_blocked, id=6824, stack(0x0000007e84c00000,0x0000007e84d00000)]
  0x000001e6e0528070 JavaThread "Sweeper thread" daemon [_thread_blocked, id=9744, stack(0x0000007e84d00000,0x0000007e84e00000)]
  0x000001e6e0613bb0 JavaThread "Common-Cleaner" daemon [_thread_blocked, id=18052, stack(0x0000007e84e00000,0x0000007e84f00000)]
  0x000001e6e0753b80 JavaThread "Monitor Ctrl-Break" daemon [_thread_in_native, id=10472, stack(0x0000007e85200000,0x0000007e85300000)]
  0x000001e6e08ed1d0 JavaThread "Notification Thread" daemon [_thread_blocked, id=7264, stack(0x0000007e85300000,0x0000007e85400000)]
  0x000001e6e4fecfa0 JavaThread "Catalina-utility-1" [_thread_blocked, id=11108, stack(0x0000007e86800000,0x0000007e86900000)]
  0x000001e6e4fef150 JavaThread "Catalina-utility-2" [_thread_blocked, id=4060, stack(0x0000007e86900000,0x0000007e86a00000)]
  0x000001e6e4fee7b0 JavaThread "container-0" [_thread_blocked, id=7080, stack(0x0000007e86a00000,0x0000007e86b00000)]
  0x000001e6e4feec80 JavaThread "mysql-cj-abandoned-connection-cleanup" daemon [_thread_blocked, id=17656, stack(0x0000007e86b00000,0x0000007e86c00000)]
  0x000001e6e4fec600 JavaThread "HikariPool-1 housekeeper" daemon [_thread_blocked, id=17044, stack(0x0000007e86700000,0x0000007e86800000)]
  0x000001e6e4febc60 JavaThread "http-nio-8080-exec-1" daemon [_thread_blocked, id=16084, stack(0x0000007e87100000,0x0000007e87200000)]
  0x000001e6e4fec130 JavaThread "http-nio-8080-exec-2" daemon [_thread_blocked, id=12200, stack(0x0000007e87200000,0x0000007e87300000)]
  0x000001e6e907a1d0 JavaThread "http-nio-8080-exec-3" daemon [_thread_blocked, id=10992, stack(0x0000007e87300000,0x0000007e87400000)]
  0x000001e6e907e060 JavaThread "http-nio-8080-exec-4" daemon [_thread_blocked, id=13108, stack(0x0000007e87400000,0x0000007e87500000)]
  0x000001e6e907a6a0 JavaThread "http-nio-8080-exec-5" daemon [_thread_blocked, id=3624, stack(0x0000007e87500000,0x0000007e87600000)]
  0x000001e6e9081550 JavaThread "http-nio-8080-exec-6" daemon [_thread_blocked, id=15672, stack(0x0000007e87600000,0x0000007e87700000)]
  0x000001e6e907b510 JavaThread "http-nio-8080-exec-7" daemon [_thread_blocked, id=7456, stack(0x0000007e87700000,0x0000007e87800000)]
  0x000001e6e907ab70 JavaThread "http-nio-8080-exec-8" daemon [_thread_blocked, id=2868, stack(0x0000007e87800000,0x0000007e87900000)]
  0x000001e6e907b040 JavaThread "http-nio-8080-exec-9" daemon [_thread_blocked, id=15252, stack(0x0000007e87900000,0x0000007e87a00000)]
  0x000001e6e907cd20 JavaThread "http-nio-8080-exec-10" daemon [_thread_blocked, id=9632, stack(0x0000007e87a00000,0x0000007e87b00000)]
  0x000001e6e907e530 JavaThread "http-nio-8080-Poller" daemon [_thread_in_native, id=17380, stack(0x0000007e87b00000,0x0000007e87c00000)]
  0x000001e6e907d6c0 JavaThread "http-nio-8080-Acceptor" daemon [_thread_in_native, id=15704, stack(0x0000007e87c00000,0x0000007e87d00000)]
  0x000001e6e9081a20 JavaThread "DestroyJavaVM" [_thread_blocked, id=12140, stack(0x0000007e83e00000,0x0000007e83f00000)]
  0x000001e6e206d5e0 JavaThread "C1 CompilerThread1" daemon [_thread_blocked, id=10108, stack(0x0000007e83d00000,0x0000007e83e00000)]
=>0x000001e6e206daf0 JavaThread "C2 CompilerThread1" daemon [_thread_in_native, id=17448, stack(0x0000007e84f00000,0x0000007e85000000)]
  0x000001e6e206bc90 JavaThread "C2 CompilerThread2" daemon [_thread_blocked, id=17128, stack(0x0000007e85000000,0x0000007e85100000)]
  0x000001e6e206a850 JavaThread "C2 CompilerThread3" daemon [_thread_in_native, id=17572, stack(0x0000007e85100000,0x0000007e85200000)]
  0x000001e6e206b270 JavaThread "C2 CompilerThread4" daemon [_thread_blocked, id=16748, stack(0x0000007e85500000,0x0000007e85600000)]
  0x000001e6e206ad60 JavaThread "C2 CompilerThread5" daemon [_thread_blocked, id=18128, stack(0x0000007e85600000,0x0000007e85700000)]
  0x000001e6e206b780 JavaThread "C1 CompilerThread2" daemon [_thread_blocked, id=16176, stack(0x0000007e85d00000,0x0000007e85e00000)]
  0x000001e6e206c1a0 JavaThread "C1 CompilerThread3" daemon [_thread_blocked, id=18036, stack(0x0000007e86600000,0x0000007e86700000)]

Other Threads:
  0x000001e6dfb02700 VMThread "VM Thread" [stack: 0x0000007e84400000,0x0000007e84500000] [id=9196]
  0x000001e6ba38ce60 WatcherThread [stack: 0x0000007e85400000,0x0000007e85500000] [id=6512]
  0x000001e6ba369510 GCTaskThread "GC Thread#0" [stack: 0x0000007e83f00000,0x0000007e84000000] [id=10396]
  0x000001e6e17b0c10 GCTaskThread "GC Thread#1" [stack: 0x0000007e85700000,0x0000007e85800000] [id=7244]
  0x000001e6e0fa56b0 GCTaskThread "GC Thread#2" [stack: 0x0000007e85800000,0x0000007e85900000] [id=3620]
  0x000001e6e0f9a350 GCTaskThread "GC Thread#3" [stack: 0x0000007e85900000,0x0000007e85a00000] [id=5720]
  0x000001e6e0f9aa80 GCTaskThread "GC Thread#4" [stack: 0x0000007e85a00000,0x0000007e85b00000] [id=5708]
  0x000001e6e1791b70 GCTaskThread "GC Thread#5" [stack: 0x0000007e85b00000,0x0000007e85c00000] [id=8544]
  0x000001e6e12b47d0 GCTaskThread "GC Thread#6" [stack: 0x0000007e85c00000,0x0000007e85d00000] [id=8448]
  0x000001e6e1d7ae70 GCTaskThread "GC Thread#7" [stack: 0x0000007e85e00000,0x0000007e85f00000] [id=8088]
  0x000001e6e1db4640 GCTaskThread "GC Thread#8" [stack: 0x0000007e85f00000,0x0000007e86000000] [id=7864]
  0x000001e6e1d2bd10 GCTaskThread "GC Thread#9" [stack: 0x0000007e86000000,0x0000007e86100000] [id=16276]
  0x000001e6e1da4d10 GCTaskThread "GC Thread#10" [stack: 0x0000007e86100000,0x0000007e86200000] [id=16400]
  0x000001e6e1da47b0 GCTaskThread "GC Thread#11" [stack: 0x0000007e86200000,0x0000007e86300000] [id=15764]
  0x000001e6e1da5d30 GCTaskThread "GC Thread#12" [stack: 0x0000007e86300000,0x0000007e86400000] [id=16532]
  0x000001e6ba37a2a0 ConcurrentGCThread "G1 Main Marker" [stack: 0x0000007e84000000,0x0000007e84100000] [id=17144]
  0x000001e6ba37c370 ConcurrentGCThread "G1 Conc#0" [stack: 0x0000007e84100000,0x0000007e84200000] [id=13104]
  0x000001e6e1da4250 ConcurrentGCThread "G1 Conc#1" [stack: 0x0000007e86400000,0x0000007e86500000] [id=17848]
  0x000001e6e1da5520 ConcurrentGCThread "G1 Conc#2" [stack: 0x0000007e86500000,0x0000007e86600000] [id=6556]
  0x000001e6df9c40f0 ConcurrentGCThread "G1 Refine#0" [stack: 0x0000007e84200000,0x0000007e84300000] [id=15724]
  0x000001e6df9c4a20 ConcurrentGCThread "G1 Service" [stack: 0x0000007e84300000,0x0000007e84400000] [id=8964]

Threads with active compile tasks:
C2 CompilerThread1   613782 8045       4       org.hibernate.loader.Loader::getRowFromResultSet (202 bytes)
C2 CompilerThread3   613782 8048       4       org.hibernate.loader.Loader::getRow (168 bytes)

VM state: not at safepoint (normal execution)

VM Mutex/Monitor currently owned by a thread: None

Heap address: 0x0000000700c00000, size: 4084 MB, Compressed Oops mode: Zero based, Oop shift amount: 3

CDS archive(s) mapped at: [0x0000000800000000-0x0000000800bc0000-0x0000000800bc0000), size 12320768, SharedBaseAddress: 0x0000000800000000, ArchiveRelocationMode: 0.
Compressed class space mapped at: 0x0000000800c00000-0x0000000840c00000, reserved size: 1073741824
Narrow klass base: 0x0000000800000000, Narrow klass shift: 0, Narrow klass range: 0x100000000

GC Precious Log:
 CPUs: 16 total, 16 available
 Memory: 16334M
 Large Page Support: Disabled
 NUMA Support: Disabled
 Compressed Oops: Enabled (Zero based)
 Heap Region Size: 2M
 Heap Min Capacity: 8M
 Heap Initial Capacity: 256M
 Heap Max Capacity: 4084M
 Pre-touch: Disabled
 Parallel Workers: 13
 Concurrent Workers: 3
 Concurrent Refinement Workers: 13
 Periodic GC: Disabled

Heap:
 garbage-first heap   total 102400K, used 34024K [0x0000000700c00000, 0x0000000800000000)
  region size 2048K, 7 young (14336K), 3 survivors (6144K)
 Metaspace       used 60227K, committed 60672K, reserved 1105920K
  class space    used 7910K, committed 8128K, reserved 1048576K

Heap Regions: E=young(eden), S=young(survivor), O=old, HS=humongous(starts), HC=humongous(continues), CS=collection set, F=free, OA=open archive, CA=closed archive, TAMS=top-at-mark-start (previous, next)
|   0|0x0000000700c00000, 0x0000000700e00000, 0x0000000700e00000|100%| O|  |TAMS 0x0000000700e00000, 0x0000000700c00000| Untracked 
|   1|0x0000000700e00000, 0x0000000701000000, 0x0000000701000000|100%| O|  |TAMS 0x0000000701000000, 0x0000000700e00000| Untracked 
|   2|0x0000000701000000, 0x0000000701200000, 0x0000000701200000|100%| O|  |TAMS 0x0000000701200000, 0x0000000701000000| Untracked 
|   3|0x0000000701200000, 0x0000000701400000, 0x0000000701400000|100%| O|  |TAMS 0x0000000701400000, 0x0000000701200000| Untracked 
|   4|0x0000000701400000, 0x0000000701600000, 0x0000000701600000|100%| O|  |TAMS 0x0000000701600000, 0x0000000701400000| Untracked 
|   5|0x0000000701600000, 0x0000000701800000, 0x0000000701800000|100%| O|  |TAMS 0x0000000701800000, 0x0000000701600000| Untracked 
|   6|0x0000000701800000, 0x0000000701a00000, 0x0000000701a00000|100%| O|  |TAMS 0x0000000701a00000, 0x0000000701800000| Untracked 
|   7|0x0000000701a00000, 0x0000000701c00000, 0x0000000701c00000|100%| O|  |TAMS 0x0000000701c00000, 0x0000000701a00000| Untracked 
|   8|0x0000000701c00000, 0x0000000701dee200, 0x0000000701e00000| 96%| O|  |TAMS 0x0000000701dee200, 0x0000000701c00000| Untracked 
|   9|0x0000000701e00000, 0x0000000702000000, 0x0000000702000000|100%| O|  |TAMS 0x0000000702000000, 0x0000000701e00000| Untracked 
|  10|0x0000000702000000, 0x0000000702200000, 0x0000000702200000|100%| O|  |TAMS 0x0000000702200000, 0x0000000702000000| Untracked 
|  11|0x0000000702200000, 0x0000000702200000, 0x0000000702400000|  0%| F|  |TAMS 0x0000000702200000, 0x0000000702200000| Untracked 
|  12|0x0000000702400000, 0x0000000702400000, 0x0000000702600000|  0%| F|  |TAMS 0x0000000702400000, 0x0000000702400000| Untracked 
|  13|0x0000000702600000, 0x0000000702600000, 0x0000000702800000|  0%| F|  |TAMS 0x0000000702600000, 0x0000000702600000| Untracked 
|  14|0x0000000702800000, 0x0000000702800000, 0x0000000702a00000|  0%| F|  |TAMS 0x0000000702800000, 0x0000000702800000| Untracked 
|  15|0x0000000702a00000, 0x0000000702a00000, 0x0000000702c00000|  0%| F|  |TAMS 0x0000000702a00000, 0x0000000702a00000| Untracked 
|  16|0x0000000702c00000, 0x0000000702c00000, 0x0000000702e00000|  0%| F|  |TAMS 0x0000000702c00000, 0x0000000702c00000| Untracked 
|  17|0x0000000702e00000, 0x0000000702e00000, 0x0000000703000000|  0%| F|  |TAMS 0x0000000702e00000, 0x0000000702e00000| Untracked 
|  18|0x0000000703000000, 0x0000000703000000, 0x0000000703200000|  0%| F|  |TAMS 0x0000000703000000, 0x0000000703000000| Untracked 
|  19|0x0000000703200000, 0x0000000703200000, 0x0000000703400000|  0%| F|  |TAMS 0x0000000703200000, 0x0000000703200000| Untracked 
|  20|0x0000000703400000, 0x0000000703400000, 0x0000000703600000|  0%| F|  |TAMS 0x0000000703400000, 0x0000000703400000| Untracked 
|  21|0x0000000703600000, 0x0000000703600000, 0x0000000703800000|  0%| F|  |TAMS 0x0000000703600000, 0x0000000703600000| Untracked 
|  22|0x0000000703800000, 0x0000000703800000, 0x0000000703a00000|  0%| F|  |TAMS 0x0000000703800000, 0x0000000703800000| Untracked 
|  23|0x0000000703a00000, 0x0000000703a00000, 0x0000000703c00000|  0%| F|  |TAMS 0x0000000703a00000, 0x0000000703a00000| Untracked 
|  24|0x0000000703c00000, 0x0000000703d4bf68, 0x0000000703e00000| 64%| S|CS|TAMS 0x0000000703c00000, 0x0000000703c00000| Complete 
|  25|0x0000000703e00000, 0x0000000704000000, 0x0000000704000000|100%| S|CS|TAMS 0x0000000703e00000, 0x0000000703e00000| Complete 
|  26|0x0000000704000000, 0x0000000704200000, 0x0000000704200000|100%| S|CS|TAMS 0x0000000704000000, 0x0000000704000000| Complete 
|  27|0x0000000704200000, 0x0000000704200000, 0x0000000704400000|  0%| F|  |TAMS 0x0000000704200000, 0x0000000704200000| Untracked 
|  28|0x0000000704400000, 0x0000000704400000, 0x0000000704600000|  0%| F|  |TAMS 0x0000000704400000, 0x0000000704400000| Untracked 
|  29|0x0000000704600000, 0x0000000704600000, 0x0000000704800000|  0%| F|  |TAMS 0x0000000704600000, 0x0000000704600000| Untracked 
|  30|0x0000000704800000, 0x0000000704800000, 0x0000000704a00000|  0%| F|  |TAMS 0x0000000704800000, 0x0000000704800000| Untracked 
|  31|0x0000000704a00000, 0x0000000704a00000, 0x0000000704c00000|  0%| F|  |TAMS 0x0000000704a00000, 0x0000000704a00000| Untracked 
|  32|0x0000000704c00000, 0x0000000704c00000, 0x0000000704e00000|  0%| F|  |TAMS 0x0000000704c00000, 0x0000000704c00000| Untracked 
|  33|0x0000000704e00000, 0x0000000704e00000, 0x0000000705000000|  0%| F|  |TAMS 0x0000000704e00000, 0x0000000704e00000| Untracked 
|  34|0x0000000705000000, 0x0000000705000000, 0x0000000705200000|  0%| F|  |TAMS 0x0000000705000000, 0x0000000705000000| Untracked 
|  35|0x0000000705200000, 0x0000000705200000, 0x0000000705400000|  0%| F|  |TAMS 0x0000000705200000, 0x0000000705200000| Untracked 
|  36|0x0000000705400000, 0x0000000705400000, 0x0000000705600000|  0%| F|  |TAMS 0x0000000705400000, 0x0000000705400000| Untracked 
|  37|0x0000000705600000, 0x0000000705600000, 0x0000000705800000|  0%| F|  |TAMS 0x0000000705600000, 0x0000000705600000| Untracked 
|  38|0x0000000705800000, 0x0000000705800000, 0x0000000705a00000|  0%| F|  |TAMS 0x0000000705800000, 0x0000000705800000| Untracked 
|  39|0x0000000705a00000, 0x0000000705a00000, 0x0000000705c00000|  0%| F|  |TAMS 0x0000000705a00000, 0x0000000705a00000| Untracked 
|  40|0x0000000705c00000, 0x0000000705c00000, 0x0000000705e00000|  0%| F|  |TAMS 0x0000000705c00000, 0x0000000705c00000| Untracked 
|  41|0x0000000705e00000, 0x0000000705e00000, 0x0000000706000000|  0%| F|  |TAMS 0x0000000705e00000, 0x0000000705e00000| Untracked 
|  42|0x0000000706000000, 0x0000000706000000, 0x0000000706200000|  0%| F|  |TAMS 0x0000000706000000, 0x0000000706000000| Untracked 
|  43|0x0000000706200000, 0x0000000706200000, 0x0000000706400000|  0%| F|  |TAMS 0x0000000706200000, 0x0000000706200000| Untracked 
|  44|0x0000000706400000, 0x0000000706400000, 0x0000000706600000|  0%| F|  |TAMS 0x0000000706400000, 0x0000000706400000| Untracked 
|  45|0x0000000706600000, 0x0000000706600000, 0x0000000706800000|  0%| F|  |TAMS 0x0000000706600000, 0x0000000706600000| Untracked 
|  46|0x0000000706800000, 0x00000007069c7598, 0x0000000706a00000| 88%| E|  |TAMS 0x0000000706800000, 0x0000000706800000| Complete 
|  47|0x0000000706a00000, 0x0000000706c00000, 0x0000000706c00000|100%| E|CS|TAMS 0x0000000706a00000, 0x0000000706a00000| Complete 
|  59|0x0000000708200000, 0x0000000708400000, 0x0000000708400000|100%| E|CS|TAMS 0x0000000708200000, 0x0000000708200000| Complete 
| 127|0x0000000710a00000, 0x0000000710c00000, 0x0000000710c00000|100%| E|CS|TAMS 0x0000000710a00000, 0x0000000710a00000| Complete 

Card table byte_map: [0x000001e6d3ad0000,0x000001e6d42d0000] _byte_map_base: 0x000001e6d02ca000

Marking Bits (Prev, Next): (CMBitMap*) 0x000001e6ba369a70, (CMBitMap*) 0x000001e6ba369a30
 Prev Bits: [0x000001e6d8aa0000, 0x000001e6dca70000)
 Next Bits: [0x000001e6d4ad0000, 0x000001e6d8aa0000)

Polling page: 0x000001e6ba0f0000

Metaspace:

Usage:
  Non-class:     51.09 MB used.
      Class:      7.73 MB used.
       Both:     58.82 MB used.

Virtual space:
  Non-class space:       56.00 MB reserved,      51.31 MB ( 92%) committed,  7 nodes.
      Class space:        1.00 GB reserved,       7.94 MB ( <1%) committed,  1 nodes.
             Both:        1.05 GB reserved,      59.25 MB (  5%) committed. 

Chunk freelists:
   Non-Class:  3.87 MB
       Class:  27.00 KB
        Both:  3.89 MB

MaxMetaspaceSize: unlimited
CompressedClassSpaceSize: 1.00 GB
Initial GC threshold: 21.00 MB
Current GC threshold: 98.25 MB
CDS: on
MetaspaceReclaimPolicy: balanced
 - commit_granule_bytes: 65536.
 - commit_granule_words: 8192.
 - virtual_space_node_default_size: 1048576.
 - enlarge_chunks_in_place: 1.
 - new_chunks_are_fully_committed: 0.
 - uncommit_free_chunks: 1.
 - use_allocation_guard: 0.
 - handle_deallocations: 1.


Internal statistics:

num_allocs_failed_limit: 9.
num_arena_births: 574.
num_arena_deaths: 0.
num_vsnodes_births: 8.
num_vsnodes_deaths: 0.
num_space_committed: 948.
num_space_uncommitted: 0.
num_chunks_returned_to_freelist: 9.
num_chunks_taken_from_freelist: 2830.
num_chunk_merges: 6.
num_chunk_splits: 1982.
num_chunks_enlarged: 1521.
num_purges: 0.
num_inconsistent_stats: 0.

CodeHeap 'non-profiled nmethods': size=119168Kb used=4915Kb max_used=5325Kb free=114252Kb
 bounds [0x000001e6caeb0000, 0x000001e6cb3f0000, 0x000001e6d2310000]
CodeHeap 'profiled nmethods': size=119104Kb used=13021Kb max_used=13827Kb free=106082Kb
 bounds [0x000001e6c3a60000, 0x000001e6c47f0000, 0x000001e6caeb0000]
CodeHeap 'non-nmethods': size=7488Kb used=2989Kb max_used=3066Kb free=4498Kb
 bounds [0x000001e6c3310000, 0x000001e6c3620000, 0x000001e6c3a60000]
 total_blobs=7486 nmethods=6860 adapters=535
 compilation: enabled
              stopped_count=0, restarted_count=0
 full_count=0

Compilation events (20 events):
Event: 613.624 Thread 0x000001e6e206c1a0 nmethod 8163 0x000001e6c4711690 code [0x000001e6c4711820, 0x000001e6c4711998]
Event: 613.624 Thread 0x000001e6e206ad60 nmethod 8160 0x000001e6caeffa90 code [0x000001e6caeffc20, 0x000001e6caeffe48]
Event: 613.624 Thread 0x000001e6e206ad60 8137       4       com.fasterxml.jackson.databind.ser.std.NumberSerializers$LongSerializer::serialize (12 bytes)
Event: 613.626 Thread 0x000001e6e206d5e0 8165       3       java.util.concurrent.atomic.AtomicIntegerFieldUpdater$AtomicIntegerFieldUpdaterImpl::accessCheck (17 bytes)
Event: 613.627 Thread 0x000001e6e206d5e0 nmethod 8165 0x000001e6c470c890 code [0x000001e6c470ca40, 0x000001e6c470cc08]
Event: 613.627 Thread 0x000001e6e206b270 nmethod 8135 0x000001e6caeff510 code [0x000001e6caeff6a0, 0x000001e6caeff8f8]
Event: 613.627 Thread 0x000001e6e206b270 8164       4       com.fasterxml.jackson.core.json.UTF8JsonGenerator::writeString (115 bytes)
Event: 613.628 Thread 0x000001e6e206b780 8168       3       java.lang.ThreadLocal::remove (18 bytes)
Event: 613.629 Thread 0x000001e6e206b780 nmethod 8168 0x000001e6c3d34890 code [0x000001e6c3d34a40, 0x000001e6c3d34cb8]
Event: 613.633 Thread 0x000001e6e206bc90 nmethod 8150 0x000001e6caefe790 code [0x000001e6caefe980, 0x000001e6caeff070]
Event: 613.633 Thread 0x000001e6e206bc90 8167       4       org.hibernate.engine.internal.EntityEntryContext$EntityEntryCrossRefImpl::getKey (5 bytes)
Event: 613.634 Thread 0x000001e6e206bc90 nmethod 8167 0x000001e6caefe490 code [0x000001e6caefe600, 0x000001e6caefe678]
Event: 613.634 Thread 0x000001e6e206bc90 8133       4       com.fasterxml.jackson.databind.ser.BeanSerializer::serialize (55 bytes)
Event: 613.634 Thread 0x000001e6e206ad60 nmethod 8137 0x000001e6cb0df810 code [0x000001e6cb0dfa00, 0x000001e6cb0e0298]
Event: 613.634 Thread 0x000001e6e206ad60 8136       4       com.fasterxml.jackson.core.json.JsonWriteContext::reset (41 bytes)
Event: 613.636 Thread 0x000001e6e206ad60 nmethod 8136 0x000001e6caefdf10 code [0x000001e6caefe080, 0x000001e6caefe278]
Event: 613.636 Thread 0x000001e6e206ad60 8166       4       org.hibernate.engine.internal.EntityEntryContext$EntityEntryCrossRefImpl::<init> (7 bytes)
Event: 613.637 Thread 0x000001e6e206ad60 nmethod 8166 0x000001e6cb0df410 code [0x000001e6cb0df580, 0x000001e6cb0df7b8]
Event: 613.638 Thread 0x000001e6e206b270 nmethod 8164 0x000001e6cb0de610 code [0x000001e6cb0de7e0, 0x000001e6cb0dee60]
Event: 613.676 Thread 0x000001e6dfb23580 nmethod 8149 0x000001e6cb0db290 code [0x000001e6cb0db5a0, 0x000001e6cb0dd348]

GC Heap History (20 events):
Event: 2.439 GC heap before
{Heap before GC invocations=5 (full 0):
 garbage-first heap   total 55296K, used 14717K [0x0000000700c00000, 0x0000000800000000)
  region size 2048K, 3 young (6144K), 2 survivors (4096K)
 Metaspace       used 26162K, committed 26432K, reserved 1073152K
  class space    used 3274K, committed 3392K, reserved 1048576K
}
Event: 2.442 GC heap after
{Heap after GC invocations=6 (full 0):
 garbage-first heap   total 55296K, used 14895K [0x0000000700c00000, 0x0000000800000000)
  region size 2048K, 1 young (2048K), 1 survivors (2048K)
 Metaspace       used 26162K, committed 26432K, reserved 1073152K
  class space    used 3274K, committed 3392K, reserved 1048576K
}
Event: 2.447 GC heap before
{Heap before GC invocations=6 (full 0):
 garbage-first heap   total 55296K, used 31279K [0x0000000700c00000, 0x0000000800000000)
  region size 2048K, 10 young (20480K), 1 survivors (2048K)
 Metaspace       used 26162K, committed 26432K, reserved 1073152K
  class space    used 3274K, committed 3392K, reserved 1048576K
}
Event: 2.447 GC heap after
{Heap after GC invocations=7 (full 0):
 garbage-first heap   total 55296K, used 14924K [0x0000000700c00000, 0x0000000800000000)
  region size 2048K, 1 young (2048K), 1 survivors (2048K)
 Metaspace       used 26162K, committed 26432K, reserved 1073152K
  class space    used 3274K, committed 3392K, reserved 1048576K
}
Event: 2.566 GC heap before
{Heap before GC invocations=7 (full 0):
 garbage-first heap   total 55296K, used 33356K [0x0000000700c00000, 0x0000000800000000)
  region size 2048K, 11 young (22528K), 1 survivors (2048K)
 Metaspace       used 26975K, committed 27328K, reserved 1073152K
  class space    used 3386K, committed 3520K, reserved 1048576K
}
Event: 2.569 GC heap after
{Heap after GC invocations=8 (full 0):
 garbage-first heap   total 159744K, used 15602K [0x0000000700c00000, 0x0000000800000000)
  region size 2048K, 1 young (2048K), 1 survivors (2048K)
 Metaspace       used 26975K, committed 27328K, reserved 1073152K
  class space    used 3386K, committed 3520K, reserved 1048576K
}
Event: 3.282 GC heap before
{Heap before GC invocations=8 (full 0):
 garbage-first heap   total 159744K, used 48370K [0x0000000700c00000, 0x0000000800000000)
  region size 2048K, 18 young (36864K), 1 survivors (2048K)
 Metaspace       used 35705K, committed 35968K, reserved 1081344K
  class space    used 4663K, committed 4800K, reserved 1048576K
}
Event: 3.285 GC heap after
{Heap after GC invocations=9 (full 0):
 garbage-first heap   total 159744K, used 17762K [0x0000000700c00000, 0x0000000800000000)
  region size 2048K, 2 young (4096K), 2 survivors (4096K)
 Metaspace       used 35705K, committed 35968K, reserved 1081344K
  class space    used 4663K, committed 4800K, reserved 1048576K
}
Event: 3.942 GC heap before
{Heap before GC invocations=10 (full 0):
 garbage-first heap   total 75776K, used 58722K [0x0000000700c00000, 0x0000000800000000)
  region size 2048K, 22 young (45056K), 2 survivors (4096K)
 Metaspace       used 43717K, committed 43968K, reserved 1089536K
  class space    used 5827K, committed 5952K, reserved 1048576K
}
Event: 3.946 GC heap after
{Heap after GC invocations=11 (full 0):
 garbage-first heap   total 75776K, used 20637K [0x0000000700c00000, 0x0000000800000000)
  region size 2048K, 3 young (6144K), 3 survivors (6144K)
 Metaspace       used 43717K, committed 43968K, reserved 1089536K
  class space    used 5827K, committed 5952K, reserved 1048576K
}
Event: 3.980 GC heap before
{Heap before GC invocations=11 (full 0):
 garbage-first heap   total 75776K, used 22685K [0x0000000700c00000, 0x0000000800000000)
  region size 2048K, 4 young (8192K), 3 survivors (6144K)
 Metaspace       used 44374K, committed 44736K, reserved 1089536K
  class space    used 5921K, committed 6080K, reserved 1048576K
}
Event: 3.984 GC heap after
{Heap after GC invocations=12 (full 0):
 garbage-first heap   total 75776K, used 20746K [0x0000000700c00000, 0x0000000800000000)
  region size 2048K, 1 young (2048K), 1 survivors (2048K)
 Metaspace       used 44374K, committed 44736K, reserved 1089536K
  class space    used 5921K, committed 6080K, reserved 1048576K
}
Event: 4.821 GC heap before
{Heap before GC invocations=12 (full 0):
 garbage-first heap   total 75776K, used 53514K [0x0000000700c00000, 0x0000000800000000)
  region size 2048K, 18 young (36864K), 1 survivors (2048K)
 Metaspace       used 50383K, committed 50752K, reserved 1097728K
  class space    used 6717K, committed 6848K, reserved 1048576K
}
Event: 4.824 GC heap after
{Heap after GC invocations=13 (full 0):
 garbage-first heap   total 75776K, used 22584K [0x0000000700c00000, 0x0000000800000000)
  region size 2048K, 2 young (4096K), 2 survivors (4096K)
 Metaspace       used 50383K, committed 50752K, reserved 1097728K
  class space    used 6717K, committed 6848K, reserved 1048576K
}
Event: 5.028 GC heap before
{Heap before GC invocations=13 (full 0):
 garbage-first heap   total 75776K, used 57400K [0x0000000700c00000, 0x0000000800000000)
  region size 2048K, 19 young (38912K), 2 survivors (4096K)
 Metaspace       used 50795K, committed 51136K, reserved 1097728K
  class space    used 6738K, committed 6912K, reserved 1048576K
}
Event: 5.032 GC heap after
{Heap after GC invocations=14 (full 0):
 garbage-first heap   total 75776K, used 24023K [0x0000000700c00000, 0x0000000800000000)
  region size 2048K, 3 young (6144K), 3 survivors (6144K)
 Metaspace       used 50795K, committed 51136K, reserved 1097728K
  class space    used 6738K, committed 6912K, reserved 1048576K
}
Event: 5.568 GC heap before
{Heap before GC invocations=14 (full 0):
 garbage-first heap   total 75776K, used 54743K [0x0000000700c00000, 0x0000000800000000)
  region size 2048K, 19 young (38912K), 3 survivors (6144K)
 Metaspace       used 54214K, committed 54592K, reserved 1097728K
  class space    used 7212K, committed 7360K, reserved 1048576K
}
Event: 5.574 GC heap after
{Heap after GC invocations=15 (full 0):
 garbage-first heap   total 104448K, used 26338K [0x0000000700c00000, 0x0000000800000000)
  region size 2048K, 2 young (4096K), 2 survivors (4096K)
 Metaspace       used 54214K, committed 54592K, reserved 1097728K
  class space    used 7212K, committed 7360K, reserved 1048576K
}
Event: 135.008 GC heap before
{Heap before GC invocations=15 (full 0):
 garbage-first heap   total 104448K, used 71394K [0x0000000700c00000, 0x0000000800000000)
  region size 2048K, 26 young (53248K), 2 survivors (4096K)
 Metaspace       used 59912K, committed 60288K, reserved 1105920K
  class space    used 7850K, committed 8064K, reserved 1048576K
}
Event: 135.013 GC heap after
{Heap after GC invocations=16 (full 0):
 garbage-first heap   total 104448K, used 27880K [0x0000000700c00000, 0x0000000800000000)
  region size 2048K, 3 young (6144K), 3 survivors (6144K)
 Metaspace       used 59912K, committed 60288K, reserved 1105920K
  class space    used 7850K, committed 8064K, reserved 1048576K
}

Deoptimization events (20 events):
Event: 613.591 Thread 0x000001e6e907b040 Uncommon trap: trap_request=0xffffff45 fr.pc=0x000001e6cb1e3fe4 relative=0x00000000000000e4
Event: 613.591 Thread 0x000001e6e907b040 Uncommon trap: reason=unstable_if action=reinterpret pc=0x000001e6cb1e3fe4 method=com.fasterxml.jackson.core.io.SerializedString.appendQuotedUTF8([BI)I @ 6 c2
Event: 613.591 Thread 0x000001e6e907b040 DEOPT PACKING pc=0x000001e6cb1e3fe4 sp=0x0000007e879fba50
Event: 613.591 Thread 0x000001e6e907b040 DEOPT UNPACKING pc=0x000001e6c33623a3 sp=0x0000007e879fba10 mode 2
Event: 613.591 Thread 0x000001e6e907b040 Uncommon trap: trap_request=0xffffff45 fr.pc=0x000001e6cb0e7764 relative=0x00000000000005c4
Event: 613.591 Thread 0x000001e6e907b040 Uncommon trap: reason=unstable_if action=reinterpret pc=0x000001e6cb0e7764 method=com.fasterxml.jackson.databind.util.StdDateFormat._getCalendar(Ljava/util/TimeZone;)Ljava/util/Calendar; @ 6 c2
Event: 613.591 Thread 0x000001e6e907b040 DEOPT PACKING pc=0x000001e6cb0e7764 sp=0x0000007e879fb7d0
Event: 613.591 Thread 0x000001e6e907b040 DEOPT UNPACKING pc=0x000001e6c33623a3 sp=0x0000007e879fb798 mode 2
Event: 613.591 Thread 0x000001e6e907b040 Uncommon trap: trap_request=0xffffff45 fr.pc=0x000001e6cb00e4cc relative=0x0000000000001e8c
Event: 613.591 Thread 0x000001e6e907b040 Uncommon trap: reason=unstable_if action=reinterpret pc=0x000001e6cb00e4cc method=java.util.GregorianCalendar.computeFields(II)I @ 1322 c2
Event: 613.591 Thread 0x000001e6e907b040 DEOPT PACKING pc=0x000001e6cb00e4cc sp=0x0000007e879fb760
Event: 613.591 Thread 0x000001e6e907b040 DEOPT UNPACKING pc=0x000001e6c33623a3 sp=0x0000007e879fb698 mode 2
Event: 613.592 Thread 0x000001e6e907b040 Uncommon trap: trap_request=0xffffff45 fr.pc=0x000001e6cb0d2128 relative=0x00000000000003c8
Event: 613.592 Thread 0x000001e6e907b040 Uncommon trap: reason=unstable_if action=reinterpret pc=0x000001e6cb0d2128 method=com.fasterxml.jackson.core.json.UTF8JsonGenerator._writeStringSegment(Ljava/lang/String;II)V @ 38 c2
Event: 613.592 Thread 0x000001e6e907b040 DEOPT PACKING pc=0x000001e6cb0d2128 sp=0x0000007e879fbaa0
Event: 613.592 Thread 0x000001e6e907b040 DEOPT UNPACKING pc=0x000001e6c33623a3 sp=0x0000007e879fb9c8 mode 2
Event: 613.593 Thread 0x000001e6e907b040 Uncommon trap: trap_request=0xffffff45 fr.pc=0x000001e6cb23221c relative=0x00000000000001fc
Event: 613.593 Thread 0x000001e6e907b040 Uncommon trap: reason=unstable_if action=reinterpret pc=0x000001e6cb23221c method=com.fasterxml.jackson.core.json.UTF8JsonGenerator._writeStringSegment(Ljava/lang/String;II)V @ 38 c2
Event: 613.593 Thread 0x000001e6e907b040 DEOPT PACKING pc=0x000001e6cb23221c sp=0x0000007e879fba10
Event: 613.593 Thread 0x000001e6e907b040 DEOPT UNPACKING pc=0x000001e6c33623a3 sp=0x0000007e879fb9b8 mode 2

Classes unloaded (0 events):
No events

Classes redefined (0 events):
No events

Internal exceptions (20 events):
Event: 5.687 Thread 0x000001e6ba319ab0 Implicit null exception at 0x000001e6cafe50ba to 0x000001e6cafe52c4
Event: 5.802 Thread 0x000001e6ba319ab0 Exception <a 'java/lang/NoSuchMethodError'{0x0000000706abc108}: 'java.lang.Object java.lang.invoke.DirectMethodHandle$Holder.invokeSpecial(java.lang.Object, java.lang.Object, int, java.lang.Object, int, java.lang.Object)'> (0x0000000706abc108) 
thrown [t:\workspace\open\src\hotspot\share\interpreter\linkResolver.cpp, line 766]
Event: 5.804 Thread 0x000001e6ba319ab0 Exception <a 'java/lang/NoSuchMethodError'{0x0000000706ac3f08}: 'java.lang.Object java.lang.invoke.DirectMethodHandle$Holder.newInvokeSpecial(java.lang.Object, java.lang.Object, int, java.lang.Object, int)'> (0x0000000706ac3f08) 
thrown [t:\workspace\open\src\hotspot\share\interpreter\linkResolver.cpp, line 766]
Event: 5.807 Thread 0x000001e6ba319ab0 Exception <a 'java/lang/NoSuchMethodError'{0x0000000706ac8008}: 'java.lang.Object java.lang.invoke.DirectMethodHandle$Holder.invokeSpecial(java.lang.Object, java.lang.Object, java.lang.Object, int, java.lang.Object, int)'> (0x0000000706ac8008) 
thrown [t:\workspace\open\src\hotspot\share\interpreter\linkResolver.cpp, line 766]
Event: 5.810 Thread 0x000001e6ba319ab0 Exception <a 'java/lang/NoSuchMethodError'{0x0000000706ad1d00}: 'void java.lang.invoke.DirectMethodHandle$Holder.invokeVirtual(java.lang.Object, java.lang.Object)'> (0x0000000706ad1d00) 
thrown [t:\workspace\open\src\hotspot\share\interpreter\linkResolver.cpp, line 766]
Event: 67.526 Thread 0x000001e6e4febc60 Implicit null exception at 0x000001e6cb2b136d to 0x000001e6cb2b2568
Event: 67.624 Thread 0x000001e6e4febc60 Exception <a 'java/lang/NoSuchMethodError'{0x0000000705c33ee0}: 'java.lang.Object java.lang.invoke.DirectMethodHandle$Holder.invokeInterface(java.lang.Object, java.lang.Object, java.lang.Object, java.lang.Object)'> (0x0000000705c33ee0) 
thrown [t:\workspace\open\src\hotspot\share\interpreter\linkResolver.cpp, line 766]
Event: 67.926 Thread 0x000001e6e4febc60 Exception <a 'java/lang/NoSuchMethodError'{0x0000000704b87af8}: 'java.lang.Object java.lang.invoke.DirectMethodHandle$Holder.invokeStaticInit(java.lang.Object, java.lang.Object, java.lang.Object, java.lang.Object, java.lang.Object, java.lang.Object)'> (0x0000000704b87af8) 
thrown [t:\workspace\open\src\hotspot\share\interpreter\linkResolver.cpp, line 766]
Event: 67.984 Thread 0x000001e6e4febc60 Implicit null exception at 0x000001e6cb3b797c to 0x000001e6cb3b7b4a
Event: 68.047 Thread 0x000001e6e4febc60 Implicit null exception at 0x000001e6cb38e67d to 0x000001e6cb38ea04
Event: 135.016 Thread 0x000001e6e907a6a0 Implicit null exception at 0x000001e6cb0b6735 to 0x000001e6cb0b7600
Event: 135.017 Thread 0x000001e6e907a6a0 Implicit null exception at 0x000001e6cb272090 to 0x000001e6cb276318
Event: 154.472 Thread 0x000001e6e907b510 Implicit null exception at 0x000001e6caf3b7f0 to 0x000001e6caf3c61c
Event: 154.477 Thread 0x000001e6e907b510 Implicit null exception at 0x000001e6cb05816c to 0x000001e6cb05d6c4
Event: 154.477 Thread 0x000001e6e907b510 Implicit null exception at 0x000001e6cb27d08a to 0x000001e6cb2814f0
Event: 613.557 Thread 0x000001e6e907b040 Implicit null exception at 0x000001e6cb3c8820 to 0x000001e6cb3c89c0
Event: 613.590 Thread 0x000001e6e907b040 Implicit null exception at 0x000001e6cb091d20 to 0x000001e6cb092fd0
Event: 613.591 Thread 0x000001e6e907b040 Implicit null exception at 0x000001e6cb07f955 to 0x000001e6cb07fc9c
Event: 613.591 Thread 0x000001e6e907b040 Implicit null exception at 0x000001e6cb1e3f30 to 0x000001e6cb1e3fc4
Event: 613.591 Thread 0x000001e6e907b040 Implicit null exception at 0x000001e6cb0e71dd to 0x000001e6cb0e7748

VM Operations (20 events):
Event: 211.705 Executing VM operation: Cleanup
Event: 211.705 Executing VM operation: Cleanup done
Event: 212.714 Executing VM operation: Cleanup
Event: 212.714 Executing VM operation: Cleanup done
Event: 215.747 Executing VM operation: Cleanup
Event: 215.747 Executing VM operation: Cleanup done
Event: 232.896 Executing VM operation: Cleanup
Event: 232.896 Executing VM operation: Cleanup done
Event: 263.150 Executing VM operation: Cleanup
Event: 263.150 Executing VM operation: Cleanup done
Event: 306.584 Executing VM operation: Cleanup
Event: 306.584 Executing VM operation: Cleanup done
Event: 338.809 Executing VM operation: Cleanup
Event: 338.809 Executing VM operation: Cleanup done
Event: 533.604 Executing VM operation: Cleanup
Event: 533.604 Executing VM operation: Cleanup done
Event: 613.575 Executing VM operation: HandshakeAllThreads
Event: 613.575 Executing VM operation: HandshakeAllThreads done
Event: 613.575 Executing VM operation: Cleanup
Event: 613.576 Executing VM operation: Cleanup done

Events (20 events):
Event: 69.846 Thread 0x000001e6e206bc90 Thread exited: 0x000001e6e206bc90
Event: 69.846 Thread 0x000001e6e206b270 Thread exited: 0x000001e6e206b270
Event: 69.846 Thread 0x000001e6e206b780 Thread exited: 0x000001e6e206b780
Event: 72.674 Thread 0x000001e6e206a850 Thread exited: 0x000001e6e206a850
Event: 72.845 Thread 0x000001e6e206daf0 Thread exited: 0x000001e6e206daf0
Event: 73.850 Thread 0x000001e6e206ad60 Thread exited: 0x000001e6e206ad60
Event: 73.850 Thread 0x000001e6e206c1a0 Thread exited: 0x000001e6e206c1a0
Event: 73.850 Thread 0x000001e6e206d5e0 Thread exited: 0x000001e6e206d5e0
Event: 154.459 Thread 0x000001e6e206a850 Thread added: 0x000001e6e206a850
Event: 154.474 Thread 0x000001e6e206c1a0 Thread added: 0x000001e6e206c1a0
Event: 159.485 Thread 0x000001e6e206a850 Thread exited: 0x000001e6e206a850
Event: 159.532 Thread 0x000001e6e206c1a0 Thread exited: 0x000001e6e206c1a0
Event: 613.545 Thread 0x000001e6e206d5e0 Thread added: 0x000001e6e206d5e0
Event: 613.560 Thread 0x000001e6e206daf0 Thread added: 0x000001e6e206daf0
Event: 613.560 Thread 0x000001e6e206bc90 Thread added: 0x000001e6e206bc90
Event: 613.560 Thread 0x000001e6e206a850 Thread added: 0x000001e6e206a850
Event: 613.565 Thread 0x000001e6e206b270 Thread added: 0x000001e6e206b270
Event: 613.565 Thread 0x000001e6e206ad60 Thread added: 0x000001e6e206ad60
Event: 613.608 Thread 0x000001e6e206b780 Thread added: 0x000001e6e206b780
Event: 613.609 Thread 0x000001e6e206c1a0 Thread added: 0x000001e6e206c1a0


Dynamic libraries:
0x00007ff797360000 - 0x00007ff79736e000 	C:\jdk-17.0.1\bin\java.exe
0x00007ffec2770000 - 0x00007ffec2968000 	C:\Windows\SYSTEM32\ntdll.dll
0x00007ffec0e00000 - 0x00007ffec0ebf000 	C:\Windows\System32\KERNEL32.DLL
0x00007ffec03b0000 - 0x00007ffec0682000 	C:\Windows\System32\KERNELBASE.dll
0x00007ffec0220000 - 0x00007ffec0320000 	C:\Windows\System32\ucrtbase.dll
0x00007ffeb7430000 - 0x00007ffeb7448000 	C:\jdk-17.0.1\bin\jli.dll
0x00007ffeb94e0000 - 0x00007ffeb94fa000 	C:\jdk-17.0.1\bin\VCRUNTIME140.dll
0x00007ffec23a0000 - 0x00007ffec253d000 	C:\Windows\System32\USER32.dll
0x00007ffec0690000 - 0x00007ffec06b2000 	C:\Windows\System32\win32u.dll
0x00007ffeb2a90000 - 0x00007ffeb2d2a000 	C:\Windows\WinSxS\amd64_microsoft.windows.common-controls_6595b64144ccf1df_6.0.19041.1110_none_60b5254171f9507e\COMCTL32.dll
0x00007ffec0c90000 - 0x00007ffec0cbb000 	C:\Windows\System32\GDI32.dll
0x00007ffec25e0000 - 0x00007ffec267e000 	C:\Windows\System32\msvcrt.dll
0x00007ffebffd0000 - 0x00007ffec00df000 	C:\Windows\System32\gdi32full.dll
0x00007ffec0180000 - 0x00007ffec021d000 	C:\Windows\System32\msvcp_win.dll
0x00007ffec0ec0000 - 0x00007ffec0ef2000 	C:\Windows\System32\IMM32.DLL
0x00007ffebc900000 - 0x00007ffebc90c000 	C:\jdk-17.0.1\bin\vcruntime140_1.dll
0x00007ffeb4cf0000 - 0x00007ffeb4d7d000 	C:\jdk-17.0.1\bin\msvcp140.dll
0x00007ffe3b480000 - 0x00007ffe3c03e000 	C:\jdk-17.0.1\bin\server\jvm.dll
0x00007ffec1820000 - 0x00007ffec18ce000 	C:\Windows\System32\ADVAPI32.dll
0x00007ffec21f0000 - 0x00007ffec228c000 	C:\Windows\System32\sechost.dll
0x00007ffec1540000 - 0x00007ffec1665000 	C:\Windows\System32\RPCRT4.dll
0x00007ffec25d0000 - 0x00007ffec25d8000 	C:\Windows\System32\PSAPI.DLL
0x00007ffea1780000 - 0x00007ffea1789000 	C:\Windows\SYSTEM32\WSOCK32.dll
0x00007ffea9710000 - 0x00007ffea9737000 	C:\Windows\SYSTEM32\WINMM.dll
0x00007ffeb5e40000 - 0x00007ffeb5e4a000 	C:\Windows\SYSTEM32\VERSION.dll
0x00007ffec16d0000 - 0x00007ffec173b000 	C:\Windows\System32\WS2_32.dll
0x00007ffebdd50000 - 0x00007ffebdd62000 	C:\Windows\SYSTEM32\kernel.appcore.dll
0x00007ffeb94d0000 - 0x00007ffeb94da000 	C:\jdk-17.0.1\bin\jimage.dll
0x00007ffebb570000 - 0x00007ffebb754000 	C:\Windows\SYSTEM32\DBGHELP.DLL
0x00007ffeb7b20000 - 0x00007ffeb7b4c000 	C:\Windows\SYSTEM32\dbgcore.DLL
0x00007ffec0320000 - 0x00007ffec03a2000 	C:\Windows\System32\bcryptPrimitives.dll
0x00007ffeb73f0000 - 0x00007ffeb73fe000 	C:\jdk-17.0.1\bin\instrument.dll
0x00007ffeb7400000 - 0x00007ffeb7425000 	C:\jdk-17.0.1\bin\java.dll
0x00007ffeb4c10000 - 0x00007ffeb4ce6000 	C:\jdk-17.0.1\bin\svml.dll
0x00007ffec1960000 - 0x00007ffec20a3000 	C:\Windows\System32\SHELL32.dll
0x00007ffebdf50000 - 0x00007ffebe6e2000 	C:\Windows\SYSTEM32\windows.storage.dll
0x00007ffec11e0000 - 0x00007ffec1534000 	C:\Windows\System32\combase.dll
0x00007ffebf8d0000 - 0x00007ffebf900000 	C:\Windows\SYSTEM32\Wldp.dll
0x00007ffec2290000 - 0x00007ffec233d000 	C:\Windows\System32\SHCORE.dll
0x00007ffec07c0000 - 0x00007ffec0815000 	C:\Windows\System32\shlwapi.dll
0x00007ffebfdb0000 - 0x00007ffebfdcf000 	C:\Windows\SYSTEM32\profapi.dll
0x00007ffeb4ff0000 - 0x00007ffeb5008000 	C:\jdk-17.0.1\bin\zip.dll
0x00007ffeb6e70000 - 0x00007ffeb6e89000 	C:\jdk-17.0.1\bin\net.dll
0x00007ffeb8040000 - 0x00007ffeb814c000 	C:\Windows\SYSTEM32\WINHTTP.dll
0x00007ffebf630000 - 0x00007ffebf69a000 	C:\Windows\system32\mswsock.dll
0x00007ffeb6a50000 - 0x00007ffeb6a65000 	C:\jdk-17.0.1\bin\nio.dll
0x00007ffeb4f10000 - 0x00007ffeb4f2a000 	D:\IntelliJ IDEA Community Edition 2021.3\bin\breakgen64.dll
0x00007ffeb6e60000 - 0x00007ffeb6e70000 	C:\jdk-17.0.1\bin\verify.dll
0x00007ffeb6db0000 - 0x00007ffeb6db9000 	C:\jdk-17.0.1\bin\management.dll
0x00007ffeb4fe0000 - 0x00007ffeb4feb000 	C:\jdk-17.0.1\bin\management_ext.dll
0x00007ffeb1170000 - 0x00007ffeb1187000 	C:\Windows\system32\napinsp.dll
0x00007ffeb1150000 - 0x00007ffeb116b000 	C:\Windows\system32\pnrpnsp.dll
0x00007ffeb1100000 - 0x00007ffeb1115000 	C:\Windows\system32\wshbth.dll
0x00007ffebb8d0000 - 0x00007ffebb8ed000 	C:\Windows\system32\NLAapi.dll
0x00007ffebf2d0000 - 0x00007ffebf30b000 	C:\Windows\SYSTEM32\IPHLPAPI.DLL
0x00007ffebf310000 - 0x00007ffebf3da000 	C:\Windows\SYSTEM32\DNSAPI.dll
0x00007ffec1950000 - 0x00007ffec1958000 	C:\Windows\System32\NSI.dll
0x00007ffeb0960000 - 0x00007ffeb0972000 	C:\Windows\System32\winrnr.dll
0x000000006a6f0000 - 0x000000006a716000 	C:\Program Files\Bonjour\mdnsNSP.dll
0x00007ffeb7d80000 - 0x00007ffeb7d8a000 	C:\Windows\System32\rasadhlp.dll
0x00007ffeb6aa0000 - 0x00007ffeb6b20000 	C:\Windows\System32\fwpuclnt.dll
0x00007ffec00e0000 - 0x00007ffec0107000 	C:\Windows\System32\bcrypt.dll
0x00007ffebf820000 - 0x00007ffebf838000 	C:\Windows\SYSTEM32\CRYPTSP.dll
0x00007ffebeee0000 - 0x00007ffebef14000 	C:\Windows\system32\rsaenh.dll
0x00007ffebfd70000 - 0x00007ffebfd9e000 	C:\Windows\SYSTEM32\USERENV.dll
0x00007ffebf840000 - 0x00007ffebf84c000 	C:\Windows\SYSTEM32\CRYPTBASE.dll
0x00007ffebac50000 - 0x00007ffebac67000 	C:\Windows\SYSTEM32\dhcpcsvc6.DLL
0x00007ffebaae0000 - 0x00007ffebaafd000 	C:\Windows\SYSTEM32\dhcpcsvc.DLL
0x00007ffeb4f00000 - 0x00007ffeb4f0e000 	C:\jdk-17.0.1\bin\sunmscapi.dll
0x00007ffebfe70000 - 0x00007ffebffc6000 	C:\Windows\System32\CRYPT32.dll
0x00007ffebf940000 - 0x00007ffebf967000 	C:\Windows\SYSTEM32\ncrypt.dll
0x00007ffebf900000 - 0x00007ffebf93b000 	C:\Windows\SYSTEM32\NTASN1.dll
0x00007ffeb4ef0000 - 0x00007ffeb4ef7000 	C:\Windows\system32\wshunix.dll

dbghelp: loaded successfully - version: 4.0.5 - missing functions: none
symbol engine: initialized successfully - sym options: 0x614 - pdb path: .;C:\jdk-17.0.1\bin;C:\Windows\SYSTEM32;C:\Windows\WinSxS\amd64_microsoft.windows.common-controls_6595b64144ccf1df_6.0.19041.1110_none_60b5254171f9507e;C:\jdk-17.0.1\bin\server;D:\IntelliJ IDEA Community Edition 2021.3\bin;C:\Program Files\Bonjour

VM Arguments:
jvm_args: -javaagent:D:\IntelliJ IDEA Community Edition 2021.3\lib\idea_rt.jar=51866:D:\IntelliJ IDEA Community Edition 2021.3\bin -Dfile.encoding=UTF-8 
java_command: com.dev.pc.PcApplication
java_class_path (initial): F:\Proyectos_web\Spring-Boot\JASSUNAS-API-REST\target\classes;C:\Users\GROVER\.m2\repository\org\springframework\boot\spring-boot-starter-data-jpa\2.7.0\spring-boot-starter-data-jpa-2.7.0.jar;C:\Users\GROVER\.m2\repository\org\springframework\boot\spring-boot-starter-aop\2.7.0\spring-boot-starter-aop-2.7.0.jar;C:\Users\GROVER\.m2\repository\org\aspectj\aspectjweaver\1.9.7\aspectjweaver-1.9.7.jar;C:\Users\GROVER\.m2\repository\org\springframework\boot\spring-boot-starter-jdbc\2.7.0\spring-boot-starter-jdbc-2.7.0.jar;C:\Users\GROVER\.m2\repository\com\zaxxer\HikariCP\4.0.3\HikariCP-4.0.3.jar;C:\Users\GROVER\.m2\repository\org\springframework\spring-jdbc\5.3.20\spring-jdbc-5.3.20.jar;C:\Users\GROVER\.m2\repository\jakarta\transaction\jakarta.transaction-api\1.3.3\jakarta.transaction-api-1.3.3.jar;C:\Users\GROVER\.m2\repository\jakarta\persistence\jakarta.persistence-api\2.2.3\jakarta.persistence-api-2.2.3.jar;C:\Users\GROVER\.m2\repository\org\hibernate\hibernate-core\5.6.9.Final\hibernate-core-5.6.9.Final.jar;C:\Users\GROVER\.m2\repository\org\jboss\logging\jboss-logging\3.4.3.Final\jboss-logging-3.4.3.Final.jar;C:\Users\GROVER\.m2\repository\net\bytebuddy\byte-buddy\1.12.10\byte-buddy-1.12.10.jar;C:\Users\GROVER\.m2\repository\antlr\antlr\2.7.7\antlr-2.7.7.jar;C:\Users\GROVER\.m2\repository\org\jboss\jandex\2.4.2.Final\jandex-2.4.2.Final.jar;C:\Users\GROVER\.m2\repository\com\fasterxml\classmate\1.5.1\classmate-1.5.1.jar;C:\Users\GROVER\.m2\repository\org\hibernate\common\hibernate-commons-annotations\5.1.2.Final\hibernate-commons-annotations-5.1.2.Final.jar;C:\Users\GROVER\.m2\repository\org\glassfish\jaxb\jaxb-runtime\2.3.6\jaxb-runtime-2.3.6.jar;C:\Users\GROVER\.m2\repository\org\glassfish\jaxb\txw2\2.3.6\txw2-2.3.6.jar;C:\Users\GROVER\.m2\repository\com\sun\istack\istack-commons-runtime\3.0.12\istack-commons-runtime-3.0.12.jar;C:\Users\GROVER\.m2\repository\com\sun\activation\jakarta.activation\1.2.2\jakarta.activation-1.2.2.jar;C:\Us
Launcher Type: SUN_STANDARD

[Global flags]
     intx CICompilerCount                          = 12                                        {product} {ergonomic}
     uint ConcGCThreads                            = 3                                         {product} {ergonomic}
     uint G1ConcRefinementThreads                  = 13                                        {product} {ergonomic}
   size_t G1HeapRegionSize                         = 2097152                                   {product} {ergonomic}
    uintx GCDrainStackTargetSize                   = 64                                        {product} {ergonomic}
   size_t InitialHeapSize                          = 268435456                                 {product} {ergonomic}
   size_t MarkStackSize                            = 4194304                                   {product} {ergonomic}
   size_t MaxHeapSize                              = 4282384384                                {product} {ergonomic}
   size_t MaxNewSize                               = 2569011200                                {product} {ergonomic}
   size_t MinHeapDeltaBytes                        = 2097152                                   {product} {ergonomic}
   size_t MinHeapSize                              = 8388608                                   {product} {ergonomic}
    uintx NonNMethodCodeHeapSize                   = 7602480                                {pd product} {ergonomic}
    uintx NonProfiledCodeHeapSize                  = 122027880                              {pd product} {ergonomic}
    uintx ProfiledCodeHeapSize                     = 122027880                              {pd product} {ergonomic}
    uintx ReservedCodeCacheSize                    = 251658240                              {pd product} {ergonomic}
     bool SegmentedCodeCache                       = true                                      {product} {ergonomic}
   size_t SoftMaxHeapSize                          = 4282384384                             {manageable} {ergonomic}
     bool UseCompressedClassPointers               = true                           {product lp64_product} {ergonomic}
     bool UseCompressedOops                        = true                           {product lp64_product} {ergonomic}
     bool UseG1GC                                  = true                                      {product} {ergonomic}
     bool UseLargePagesIndividualAllocation        = false                                  {pd product} {ergonomic}

Logging:
Log output configuration:
 #0: stdout all=warning uptime,level,tags
 #1: stderr all=off uptime,level,tags

Environment Variables:
PATH=C:\Program Files (x86)\Common Files\Oracle\Java\javapath;C:\ProgramData\Oracle\Java\javapath;C:\Windows\system32;C:\Windows;C:\Windows\System32\Wbem;C:\Windows\System32\WindowsPowerShell\v1.0\;C:\Windows\System32\OpenSSH\;C:\jdk-17.0.1\bin;C:\Program Files\Git\cmd;C:\xampp\php;C:\ProgramData\ComposerSetup\bin;C:\Program Files\nodejs\;C:\Users\GROVER\AppData\Local\Programs\Python\Python310\Scripts\;C:\Users\GROVER\AppData\Local\Programs\Python\Python310\;C:\Users\GROVER\AppData\Local\Microsoft\WindowsApps;;C:\Users\GROVER\AppData\Local\Programs\Microsoft VS Code\bin;D:\IntelliJ IDEA Community Edition 2021.3\bin;;C:\Users\GROVER\AppData\Roaming\Composer\vendor\bin;C:\Users\GROVER\AppData\Roaming\npm
USERNAME=GROVER
OS=Windows_NT
PROCESSOR_IDENTIFIER=AMD64 Family 23 Model 8 Stepping 2, AuthenticAMD



---------------  S Y S T E M  ---------------

OS:
 Windows 10 , 64 bit Build 19041 (10.0.19041.2251)
OS uptime: 0 days 3:04 hours

CPU: total 16 (initial active 16) (16 cores per cpu, 2 threads per core) family 23 model 8 stepping 2 microcode 0x0, cx8, cmov, fxsr, ht, mmx, 3dnowpref, sse, sse2, sse3, ssse3, sse4a, sse4.1, sse4.2, popcnt, lzcnt, tsc, tscinvbit, avx, avx2, aes, clmul, bmi1, bmi2, adx, sha, fma, vzeroupper, clflush, clflushopt

Memory: 4k page, system-wide physical 16334M (4395M free)
TotalPageFile size 19046M (AvailPageFile size 1M)
current process WorkingSet (physical memory assigned to process): 290M, peak: 332M
current process commit charge ("private bytes"): 343M, peak: 452M

vm_info: OpenJDK 64-Bit Server VM (17.0.1+12-39) for windows-amd64 JRE (17.0.1+12-39), built on Sep 27 2021 18:39:29 by "mach5one" with MS VC++ 16.8 (VS2019)

END.
